0 info it worked if it ends with ok
1 verbose cli [ '/usr/bin/node', '/usr/bin/npm', 'install', 'system' ]
2 info using npm@1.4.28
3 info using node@v0.10.36
4 verbose node symlink /usr/bin/node
5 warn package.json JiraSlack@1.0.0 No repository field.
6 warn package.json JiraSlack@1.0.0 No README data
7 verbose readDependencies using package.json deps
8 verbose cache add [ 'system', null ]
9 verbose cache add name=undefined spec="system" args=["system",null]
10 verbose parsed url { protocol: null,
10 verbose parsed url   slashes: null,
10 verbose parsed url   auth: null,
10 verbose parsed url   host: null,
10 verbose parsed url   port: null,
10 verbose parsed url   hostname: null,
10 verbose parsed url   hash: null,
10 verbose parsed url   search: null,
10 verbose parsed url   query: null,
10 verbose parsed url   pathname: 'system',
10 verbose parsed url   path: 'system',
10 verbose parsed url   href: 'system' }
11 silly lockFile 317f1e76-system system
12 verbose lock system /home/nayru/.npm/317f1e76-system.lock
13 silly lockFile 317f1e76-system system
14 silly lockFile 317f1e76-system system
15 verbose addNamed [ 'system', '' ]
16 verbose addNamed [ null, '*' ]
17 silly lockFile 29b1c38a-system system@
18 verbose lock system@ /home/nayru/.npm/29b1c38a-system.lock
19 silly addNameRange { name: 'system', range: '*', hasData: false }
20 verbose request where is /system
21 verbose request registry https://registry.npmjs.org/
22 verbose request id c37536aa720b4e20
23 verbose url raw /system
24 verbose url resolving [ 'https://registry.npmjs.org/', './system' ]
25 verbose url resolved https://registry.npmjs.org/system
26 verbose request where is https://registry.npmjs.org/system
27 info trying registry request attempt 1 at 12:48:31
28 http GET https://registry.npmjs.org/system
29 http 200 https://registry.npmjs.org/system
30 silly registry.get cb [ 200,
30 silly registry.get   { server: 'CouchDB/1.5.0 (Erlang OTP/R16B03)',
30 silly registry.get     etag: '"BF2IPAS70RMQQ6RSUM97T5FII"',
30 silly registry.get     'content-type': 'application/json',
30 silly registry.get     'cache-control': 'max-age=60',
30 silly registry.get     'content-length': '14629',
30 silly registry.get     'accept-ranges': 'bytes',
30 silly registry.get     date: 'Mon, 15 Jun 2015 10:48:32 GMT',
30 silly registry.get     via: '1.1 varnish',
30 silly registry.get     age: '0',
30 silly registry.get     connection: 'keep-alive',
30 silly registry.get     'x-served-by': 'cache-lhr6334-LHR',
30 silly registry.get     'x-cache': 'MISS',
30 silly registry.get     'x-cache-hits': '0',
30 silly registry.get     'x-timer': 'S1434365312.142026,VS0,VE647',
30 silly registry.get     vary: 'Accept' } ]
31 silly addNameRange number 2 { name: 'system', range: '*', hasData: true }
32 silly addNameRange versions [ 'system',
32 silly addNameRange   [ '0.0.1',
32 silly addNameRange     '0.0.2',
32 silly addNameRange     '0.0.3',
32 silly addNameRange     '0.0.4',
32 silly addNameRange     '0.0.5',
32 silly addNameRange     '0.0.6',
32 silly addNameRange     '0.1.0',
32 silly addNameRange     '1.0.0',
32 silly addNameRange     '1.0.1',
32 silly addNameRange     '1.0.2',
32 silly addNameRange     '1.0.4' ] ]
33 verbose addNamed [ 'system', '1.0.4' ]
34 verbose addNamed [ '1.0.4', '1.0.4' ]
35 silly lockFile 86aaf141-system-1-0-4 system@1.0.4
36 verbose lock system@1.0.4 /home/nayru/.npm/86aaf141-system-1-0-4.lock
37 silly lockFile 6723eee7-pmjs-org-system-system-1-0-4-tgz https://registry.npmjs.org/system/-/system-1.0.4.tgz
38 verbose lock https://registry.npmjs.org/system/-/system-1.0.4.tgz /home/nayru/.npm/6723eee7-pmjs-org-system-system-1-0-4-tgz.lock
39 verbose addRemoteTarball [ 'https://registry.npmjs.org/system/-/system-1.0.4.tgz',
39 verbose addRemoteTarball   'd849e8148f7845676db285efc4fe14860d88d38c' ]
40 info retry fetch attempt 1 at 12:48:32
41 verbose fetch to= /tmp/npm-4439-kHdpz3Jr/registry.npmjs.org/system/-/system-1.0.4.tgz
42 http GET https://registry.npmjs.org/system/-/system-1.0.4.tgz
43 http 200 https://registry.npmjs.org/system/-/system-1.0.4.tgz
44 silly lockFile 6723eee7-pmjs-org-system-system-1-0-4-tgz https://registry.npmjs.org/system/-/system-1.0.4.tgz
45 silly lockFile 6723eee7-pmjs-org-system-system-1-0-4-tgz https://registry.npmjs.org/system/-/system-1.0.4.tgz
46 silly lockFile 86aaf141-system-1-0-4 system@1.0.4
47 silly lockFile 86aaf141-system-1-0-4 system@1.0.4
48 silly lockFile 29b1c38a-system system@
49 silly lockFile 29b1c38a-system system@
50 silly resolved [ { name: 'system',
50 silly resolved     version: '1.0.4',
50 silly resolved     author: { name: 'Kris Kowal', email: 'kris@cixar.com' },
50 silly resolved     description: 'Flexible module and resource system',
50 silly resolved     license: 'BSD 3-Clause',
50 silly resolved     repository:
50 silly resolved      { type: 'git',
50 silly resolved        url: 'git+ssh://git@github.com/gutentags/system.git' },
50 silly resolved     keywords: [ 'module', 'resource', 'system', 'commonjs', 'npm' ],
50 silly resolved     bugs: { url: 'https://github.com/gutentags/system/issues' },
50 silly resolved     homepage: 'https://github.com/gutentags/system#readme',
50 silly resolved     main: './system.js',
50 silly resolved     bin: { bundle: './bundle.js' },
50 silly resolved     browser:
50 silly resolved      { './url.js': './browser-url.js',
50 silly resolved        './system.js': './browser-system.js' },
50 silly resolved     dependencies: { q: '^2.0.3' },
50 silly resolved     devDependencies: { 'q-io': '^2.0.6' },
50 silly resolved     scripts:
50 silly resolved      { test: 'node test',
50 silly resolved        build: 'node bundle.js boot-entry.js > boot.js' },
50 silly resolved     gitHead: '1722061b54a15686b0199502e693b2f37d58b28d',
50 silly resolved     _id: 'system@1.0.4',
50 silly resolved     _shasum: 'd849e8148f7845676db285efc4fe14860d88d38c',
50 silly resolved     _from: 'system@',
50 silly resolved     _npmVersion: '2.8.3',
50 silly resolved     _nodeVersion: '1.8.1',
50 silly resolved     _npmUser: { name: 'kriskowal', email: 'kris.kowal@cixar.com' },
50 silly resolved     maintainers: [ [Object], [Object] ],
50 silly resolved     dist:
50 silly resolved      { shasum: 'd849e8148f7845676db285efc4fe14860d88d38c',
50 silly resolved        tarball: 'http://registry.npmjs.org/system/-/system-1.0.4.tgz' },
50 silly resolved     directories: {},
50 silly resolved     _resolved: 'https://registry.npmjs.org/system/-/system-1.0.4.tgz' } ]
51 info install system@1.0.4 into /home/nayru/projekte/jiraslack
52 info installOne system@1.0.4
53 verbose node_modules/system unbuild
54 verbose tar unpack /home/nayru/.npm/system/1.0.4/package.tgz
55 silly lockFile 4d462673-te-jiraslack-node-modules-system tar:///home/nayru/projekte/jiraslack/node_modules/system
56 verbose lock tar:///home/nayru/projekte/jiraslack/node_modules/system /home/nayru/.npm/4d462673-te-jiraslack-node-modules-system.lock
57 silly lockFile 7c15f650-yru-npm-system-1-0-4-package-tgz tar:///home/nayru/.npm/system/1.0.4/package.tgz
58 verbose lock tar:///home/nayru/.npm/system/1.0.4/package.tgz /home/nayru/.npm/7c15f650-yru-npm-system-1-0-4-package-tgz.lock
59 silly gunzTarPerm modes [ '755', '644' ]
60 error Error: EACCES, mkdir '/home/nayru/projekte/jiraslack/node_modules/system'
60 error  { [Error: EACCES, mkdir '/home/nayru/projekte/jiraslack/node_modules/system']
60 error   errno: 3,
60 error   code: 'EACCES',
60 error   path: '/home/nayru/projekte/jiraslack/node_modules/system',
60 error   fstream_type: 'Directory',
60 error   fstream_path: '/home/nayru/projekte/jiraslack/node_modules/system',
60 error   fstream_class: 'DirWriter',
60 error   fstream_stack:
60 error    [ '/usr/lib/node_modules/npm/node_modules/fstream/lib/dir-writer.js:36:23',
60 error      '/usr/lib/node_modules/npm/node_modules/mkdirp/index.js:46:53',
60 error      'Object.oncomplete (fs.js:108:15)' ] }
61 error Please try running this command again as root/Administrator.
62 error System Linux 3.2.0-4-amd64
63 error command "/usr/bin/node" "/usr/bin/npm" "install" "system"
64 error cwd /home/nayru/projekte/jiraslack
65 error node -v v0.10.36
66 error npm -v 1.4.28
67 error path /home/nayru/projekte/jiraslack/node_modules/system
68 error fstream_path /home/nayru/projekte/jiraslack/node_modules/system
69 error fstream_type Directory
70 error fstream_class DirWriter
71 error code EACCES
72 error errno 3
73 error stack Error: EACCES, mkdir '/home/nayru/projekte/jiraslack/node_modules/system'
74 error fstream_stack /usr/lib/node_modules/npm/node_modules/fstream/lib/dir-writer.js:36:23
74 error fstream_stack /usr/lib/node_modules/npm/node_modules/mkdirp/index.js:46:53
74 error fstream_stack Object.oncomplete (fs.js:108:15)
75 verbose exit [ 3, true ]
